\BOOKMARK [1][-]{section.1}{\376\377\000a\000n\000a\000l\000y\000s\000i\000s}{}% 1
\BOOKMARK [2][-]{subsection.1.1}{\376\377\000P\000r\000o\000j\000e\000c\000t\000\040\000D\000e\000s\000c\000r\000i\000p\000t\000i\000o\000n}{section.1}% 2
\BOOKMARK [2][-]{subsection.1.2}{\376\377\000R\000e\000s\000e\000a\000r\000c\000h}{section.1}% 3
\BOOKMARK [3][-]{subsubsection.1.2.1}{\376\377\000O\000v\000e\000r\000v\000i\000e\000w}{subsection.1.2}% 4
\BOOKMARK [3][-]{subsubsection.1.2.2}{\376\377\000R\000e\000s\000e\000a\000r\000c\000h\000\040\000L\000o\000g}{subsection.1.2}% 5
\BOOKMARK [4][-]{paragraph.1.2.2.1}{\376\377\000M\000a\000z\000e\000\040\000G\000e\000n\000e\000r\000a\000t\000i\000n\000g\000\040\000A\000l\000g\000o\000r\000i\000t\000h\000m\000s}{subsubsection.1.2.2}% 6
\BOOKMARK [4][-]{paragraph.1.2.2.2}{\376\377\000P\000a\000t\000h\000\040\000F\000i\000n\000d\000i\000n\000g\000\040\000A\000l\000g\000o\000r\000i\000t\000h\000m\000s}{subsubsection.1.2.2}% 7
\BOOKMARK [2][-]{subsection.1.3}{\376\377\000P\000r\000o\000j\000e\000c\000t\000\040\000B\000a\000c\000k\000g\000r\000o\000u\000n\000d}{section.1}% 8
\BOOKMARK [3][-]{subsubsection.1.3.1}{\376\377\000C\000u\000r\000r\000e\000n\000t\000\040\000S\000y\000s\000t\000e\000m\000s}{subsection.1.3}% 9
\BOOKMARK [4][-]{paragraph.1.3.1.1}{\376\377\000E\000x\000a\000m\000p\000l\000e\000\040\0001}{subsubsection.1.3.1}% 10
\BOOKMARK [4][-]{paragraph.1.3.1.2}{\376\377\000E\000x\000a\000m\000p\000l\000e\000\040\0002}{subsubsection.1.3.1}% 11
\BOOKMARK [4][-]{paragraph.1.3.1.3}{\376\377\000E\000x\000a\000m\000p\000l\000e\000\040\0003}{subsubsection.1.3.1}% 12
\BOOKMARK [3][-]{subsubsection.1.3.2}{\376\377\000P\000r\000o\000p\000o\000s\000e\000d\000\040\000S\000o\000l\000u\000t\000i\000o\000n}{subsection.1.3}% 13
\BOOKMARK [3][-]{subsubsection.1.3.3}{\376\377\000P\000r\000o\000s\000p\000e\000c\000t\000i\000v\000e\000\040\000U\000s\000e\000r\000s}{subsection.1.3}% 14
\BOOKMARK [4][-]{paragraph.1.3.3.1}{\376\377\000Q\000u\000e\000s\000t\000i\000o\000n\000s\000\040\000T\000o\000\040\000U\000s\000e\000r\000s}{subsubsection.1.3.3}% 15
\BOOKMARK [2][-]{subsection.1.4}{\376\377\000O\000b\000j\000e\000c\000t\000i\000v\000e\000s}{section.1}% 16
\BOOKMARK [3][-]{subsubsection.1.4.1}{\376\377\000G\000e\000n\000e\000r\000a\000t\000e\000\040\000M\000a\000z\000e\000s}{subsection.1.4}% 17
\BOOKMARK [3][-]{subsubsection.1.4.2}{\376\377\000S\000o\000l\000v\000e\000\040\000M\000a\000z\000e\000s}{subsection.1.4}% 18
\BOOKMARK [3][-]{subsubsection.1.4.3}{\376\377\000C\000u\000s\000t\000o\000m\000i\000s\000a\000t\000i\000o\000n}{subsection.1.4}% 19
\BOOKMARK [3][-]{subsubsection.1.4.4}{\376\377\000U\000s\000e\000r\000\040\000w\000r\000i\000t\000t\000e\000n\000\040\000a\000l\000g\000o\000r\000i\000t\000h\000m\000s}{subsection.1.4}% 20
\BOOKMARK [3][-]{subsubsection.1.4.5}{\376\377\000U\000p\000d\000a\000t\000e\000\040\000V\000i\000s\000u\000a\000l\000i\000z\000a\000t\000i\000o\000n}{subsection.1.4}% 21
\BOOKMARK [3][-]{subsubsection.1.4.6}{\376\377\000S\000p\000e\000c\000i\000a\000l\000\040\000N\000o\000d\000e\000s}{subsection.1.4}% 22
\BOOKMARK [1][-]{section.2}{\376\377\000D\000o\000c\000u\000m\000e\000n\000t\000e\000d\000\040\000D\000e\000s\000i\000g\000n}{}% 23
\BOOKMARK [2][-]{subsection.2.1}{\376\377\000V\000i\000s\000u\000a\000l\000i\000z\000a\000t\000i\000o\000n\000\040\000S\000t\000r\000u\000c\000t\000u\000r\000e}{section.2}% 24
\BOOKMARK [2][-]{subsection.2.2}{\376\377\000U\000s\000e\000r\000\040\000I\000n\000t\000e\000r\000a\000c\000t\000i\000o\000n\000\040\000F\000l\000o\000w\000\040\000C\000h\000a\000r\000t}{section.2}% 25
\BOOKMARK [2][-]{subsection.2.3}{\376\377\000U\000s\000e\000r\000\040\000I\000n\000t\000e\000r\000f\000a\000c\000e}{section.2}% 26
\BOOKMARK [2][-]{subsection.2.4}{\376\377\000C\000l\000a\000s\000s\000e\000s\000\040\000B\000r\000e\000a\000k\000d\000o\000w\000n}{section.2}% 27
\BOOKMARK [3][-]{subsubsection.2.4.1}{\376\377\000G\000e\000n\000e\000r\000e\000a\000t\000o\000r}{subsection.2.4}% 28
\BOOKMARK [3][-]{subsubsection.2.4.2}{\376\377\000S\000o\000l\000v\000e\000r}{subsection.2.4}% 29
\BOOKMARK [3][-]{subsubsection.2.4.3}{\376\377\000M\000a\000z\000e}{subsection.2.4}% 30
\BOOKMARK [3][-]{subsubsection.2.4.4}{\376\377\000N\000o\000d\000e}{subsection.2.4}% 31
\BOOKMARK [2][-]{subsection.2.5}{\376\377\000A\000l\000g\000o\000r\000i\000t\000h\000m\000s}{section.2}% 32
\BOOKMARK [3][-]{subsubsection.2.5.1}{\376\377\000P\000r\000i\000m\000s}{subsection.2.5}% 33
\BOOKMARK [3][-]{subsubsection.2.5.2}{\376\377\000R\000e\000c\000u\000r\000s\000i\000v\000e\000\040\000B\000a\000c\000k\000t\000r\000a\000c\000k\000i\000n\000g}{subsection.2.5}% 34
\BOOKMARK [3][-]{subsubsection.2.5.3}{\376\377\000D\000i\000j\000k\000s\000t\000r\000a\000'\000s}{subsection.2.5}% 35
\BOOKMARK [3][-]{subsubsection.2.5.4}{\376\377\000D\000e\000p\000t\000h\000\040\000F\000i\000r\000s\000t\000\040\000S\000e\000a\000r\000c\000h}{subsection.2.5}% 36
\BOOKMARK [3][-]{subsubsection.2.5.5}{\376\377\000B\000r\000e\000a\000d\000t\000h\000\040\000F\000i\000r\000s\000t\000\040\000S\000e\000a\000r\000c\000h}{subsection.2.5}% 37
\BOOKMARK [3][-]{subsubsection.2.5.6}{\376\377\000G\000r\000e\000e\000d\000y\000\040\000S\000e\000a\000r\000c\000h}{subsection.2.5}% 38
\BOOKMARK [2][-]{subsection.2.6}{\376\377\000S\000u\000b\000r\000o\000u\000t\000i\000n\000e\000\040\000B\000r\000e\000a\000k\000d\000o\000w\000n\000\040\000A\000P\000I}{section.2}% 39
\BOOKMARK [3][-]{subsubsection.2.6.1}{\376\377\000g\000e\000n\000e\000r\000a\000t\000o\000r\000.\000p\000y\000:\000\040\000r\000e\000c\000u\000r\000s\000i\000v\000e\000\137\000b\000a\000c\000k\000t\000r\000a\000c\000k\000i\000n\000g}{subsection.2.6}% 40
\BOOKMARK [3][-]{subsubsection.2.6.2}{\376\377\000g\000e\000n\000e\000r\000a\000t\000o\000r\000.\000p\000y\000:\000\040\000r\000e\000c\000u\000r\000s\000i\000v\000e\000\137\000b\000a\000c\000k\000t\000r\000a\000c\000k\000i\000n\000g\000\137\000r\000u\000n}{subsection.2.6}% 41
\BOOKMARK [3][-]{subsubsection.2.6.3}{\376\377\000g\000e\000n\000e\000r\000a\000t\000o\000r\000.\000p\000y\000:\000\040\000p\000r\000i\000m\000s}{subsection.2.6}% 42
\BOOKMARK [3][-]{subsubsection.2.6.4}{\376\377\000s\000o\000l\000v\000e\000r\000.\000p\000y\000:\000\040\000g\000e\000t\000\137\000a\000d\000j\000a\000c\000e\000n\000t\000\137\000p\000a\000t\000h\000s}{subsection.2.6}% 43
\BOOKMARK [3][-]{subsubsection.2.6.5}{\376\377\000s\000o\000l\000v\000e\000r\000.\000p\000y\000:\000\040\000d\000i\000j\000k\000s\000t\000r\000a}{subsection.2.6}% 44
\BOOKMARK [3][-]{subsubsection.2.6.6}{\376\377\000s\000o\000l\000v\000e\000r\000.\000p\000y\000:\000\040\000d\000f\000s}{subsection.2.6}% 45
\BOOKMARK [3][-]{subsubsection.2.6.7}{\376\377\000s\000o\000l\000v\000e\000r\000.\000p\000y\000:\000\040\000b\000f\000s}{subsection.2.6}% 46
\BOOKMARK [3][-]{subsubsection.2.6.8}{\376\377\000s\000o\000l\000v\000e\000r\000.\000p\000y\000:\000\040\000m\000a\000n\000h\000a\000t\000t\000a\000n}{subsection.2.6}% 47
\BOOKMARK [3][-]{subsubsection.2.6.9}{\376\377\000s\000o\000l\000v\000e\000r\000.\000p\000y\000:\000\040\000e\000u\000c\000l\000i\000d\000e\000a\000n}{subsection.2.6}% 48
\BOOKMARK [3][-]{subsubsection.2.6.10}{\376\377\000s\000o\000l\000v\000e\000r\000.\000p\000y\000:\000\040\000g\000r\000e\000e\000d\000y}{subsection.2.6}% 49
\BOOKMARK [3][-]{subsubsection.2.6.11}{\376\377\000g\000r\000i\000d\000.\000p\000y\000:\000\040\000N\000o\000d\000e\000:\000\040\000\137\000\137\000i\000n\000i\000t\000\137\000\137}{subsection.2.6}% 50
\BOOKMARK [3][-]{subsubsection.2.6.12}{\376\377\000g\000r\000i\000d\000.\000p\000y\000:\000\040\000N\000o\000d\000e\000:\000\040\000l\000o\000a\000d}{subsection.2.6}% 51
\BOOKMARK [3][-]{subsubsection.2.6.13}{\376\377\000g\000r\000i\000d\000.\000p\000y\000:\000\040\000N\000o\000d\000e\000:\000\040\000s\000e\000r\000i\000a\000l\000i\000z\000e}{subsection.2.6}% 52
\BOOKMARK [3][-]{subsubsection.2.6.14}{\376\377\000g\000r\000i\000d\000.\000p\000y\000:\000\040\000G\000r\000i\000d\000:\000\040\000\137\000\137\000i\000n\000i\000t\000\137\000\137}{subsection.2.6}% 53
\BOOKMARK [3][-]{subsubsection.2.6.15}{\376\377\000g\000r\000i\000d\000.\000p\000y\000:\000\040\000G\000r\000i\000d\000:\000\040\000l\000o\000a\000d}{subsection.2.6}% 54
\BOOKMARK [3][-]{subsubsection.2.6.16}{\376\377\000g\000r\000i\000d\000.\000p\000y\000:\000\040\000G\000r\000i\000d\000:\000\040\000s\000e\000r\000i\000a\000l\000i\000z\000e}{subsection.2.6}% 55
\BOOKMARK [3][-]{subsubsection.2.6.17}{\376\377\000g\000r\000i\000d\000.\000p\000y\000:\000\040\000G\000r\000i\000d\000:\000\040\000g\000e\000n\000e\000r\000a\000t\000e\000G\000r\000i\000d}{subsection.2.6}% 56
\BOOKMARK [3][-]{subsubsection.2.6.18}{\376\377\000g\000r\000i\000d\000.\000p\000y\000:\000\040\000G\000r\000i\000d\000:\000\040\000p\000r\000i\000n\000t\000G\000r\000i\000d}{subsection.2.6}% 57
\BOOKMARK [2][-]{subsection.2.7}{\376\377\000S\000u\000b\000r\000o\000u\000t\000i\000n\000e\000\040\000B\000r\000e\000a\000k\000d\000o\000w\000n\000\040\000r\000e\000a\000c\000t\000\040\000a\000p\000p}{section.2}% 58
\BOOKMARK [3][-]{subsubsection.2.7.1}{\376\377\000A\000p\000p\000.\000j\000s\000:\000\040\000A\000p\000p\000:\000\040\000C\000o\000n\000s\000t\000r\000u\000c\000t\000o\000r}{subsection.2.7}% 59
\BOOKMARK [3][-]{subsubsection.2.7.2}{\376\377\000A\000p\000p\000.\000j\000s\000:\000\040\000A\000p\000p\000:\000\040\000c\000o\000m\000p\000o\000n\000e\000n\000t\000D\000i\000d\000M\000o\000u\000n\000t}{subsection.2.7}% 60
\BOOKMARK [3][-]{subsubsection.2.7.3}{\376\377\000A\000p\000p\000.\000j\000s\000:\000\040\000A\000p\000p\000:\000\040\000s\000e\000t\000H\000e\000u\000r\000i\000s\000t\000i\000c}{subsection.2.7}% 61
\BOOKMARK [3][-]{subsubsection.2.7.4}{\376\377\000A\000p\000p\000.\000j\000s\000:\000\040\000A\000p\000p\000:\000\040\000s\000e\000t\000S\000p\000e\000e\000d}{subsection.2.7}% 62
\BOOKMARK [3][-]{subsubsection.2.7.5}{\376\377\000A\000p\000p\000.\000j\000s\000:\000\040\000A\000p\000p\000:\000\040\000s\000e\000t\000S\000i\000z\000e}{subsection.2.7}% 63
\BOOKMARK [3][-]{subsubsection.2.7.6}{\376\377\000A\000p\000p\000.\000j\000s\000:\000\040\000A\000p\000p\000:\000\040\000s\000e\000t\000S\000t\000a\000r\000t}{subsection.2.7}% 64
\BOOKMARK [3][-]{subsubsection.2.7.7}{\376\377\000A\000p\000p\000.\000j\000s\000:\000\040\000A\000p\000p\000:\000\040\000s\000e\000t\000E\000n\000d}{subsection.2.7}% 65
\BOOKMARK [3][-]{subsubsection.2.7.8}{\376\377\000A\000p\000p\000.\000j\000s\000:\000\040\000A\000p\000p\000:\000\040\000s\000e\000t\000A\000l\000g\000o\000r\000i\000t\000h\000m}{subsection.2.7}% 66
\BOOKMARK [3][-]{subsubsection.2.7.9}{\376\377\000A\000p\000p\000.\000j\000s\000:\000\040\000A\000p\000p\000:\000\040\000s\000e\000t\000S\000o\000l\000v\000e}{subsection.2.7}% 67
\BOOKMARK [3][-]{subsubsection.2.7.10}{\376\377\000A\000p\000p\000.\000j\000s\000:\000\040\000A\000p\000p\000:\000\040\000a\000s\000y\000n\000c\000\040\000s\000h\000o\000u\000l\000d\000\137\000s\000o\000l\000v\000e}{subsection.2.7}% 68
\BOOKMARK [3][-]{subsubsection.2.7.11}{\376\377\000A\000p\000p\000.\000j\000s\000:\000\040\000A\000p\000p\000:\000\040\000a\000s\000y\000n\000c\000\040\000c\000l\000e\000a\000r\000\137\000n\000o\000d\000e\000\137\000i\000n\000d\000e\000x}{subsection.2.7}% 69
\BOOKMARK [3][-]{subsubsection.2.7.12}{\376\377\000A\000p\000p\000.\000j\000s\000:\000\040\000A\000p\000p\000:\000\040\000a\000s\000y\000n\000c\000\040\000f\000e\000t\000c\000h\000G\000r\000i\000d}{subsection.2.7}% 70
\BOOKMARK [3][-]{subsubsection.2.7.13}{\376\377\000A\000p\000p\000.\000j\000s\000:\000\040\000A\000p\000p\000:\000\040\000a\000s\000y\000n\000c\000\040\000s\000o\000l\000v\000e\000G\000r\000i\000d}{subsection.2.7}% 71
\BOOKMARK [3][-]{subsubsection.2.7.14}{\376\377\000A\000p\000p\000.\000j\000s\000:\000\040\000A\000p\000p\000:\000\040\000a\000s\000y\000n\000c\000\040\000c\000l\000e\000a\000r\000G\000r\000i\000d}{subsection.2.7}% 72
\BOOKMARK [3][-]{subsubsection.2.7.15}{\376\377\000A\000p\000p\000.\000j\000s\000:\000\040\000A\000p\000p\000:\000\040\000r\000e\000n\000d\000e\000r}{subsection.2.7}% 73
\BOOKMARK [3][-]{subsubsection.2.7.16}{\376\377\000D\000i\000s\000p\000l\000a\000y\000G\000r\000i\000d\000.\000j\000s\000x\000:\000\040\000D\000i\000s\000p\000l\000a\000y\000G\000r\000i\000d\000:\000\040\000h\000a\000n\000d\000e\000l\000D\000r\000o\000p}{subsection.2.7}% 74
\BOOKMARK [3][-]{subsubsection.2.7.17}{\376\377\000D\000i\000s\000p\000l\000a\000y\000G\000r\000i\000d\000.\000j\000s\000x\000:\000\040\000D\000i\000s\000p\000l\000a\000y\000G\000r\000i\000d\000:\000\040\000s\000e\000t\000D\000r\000a\000g\000O\000b\000j\000e\000c\000t}{subsection.2.7}% 75
\BOOKMARK [3][-]{subsubsection.2.7.18}{\376\377\000D\000i\000s\000p\000l\000a\000y\000G\000r\000i\000d\000.\000j\000s\000x\000:\000\040\000D\000i\000s\000p\000l\000a\000y\000G\000r\000i\000d\000:\000\040\000r\000e\000n\000d\000e\000r\000T\000a\000b\000l\000e}{subsection.2.7}% 76
\BOOKMARK [3][-]{subsubsection.2.7.19}{\376\377\000D\000i\000s\000p\000l\000a\000y\000G\000r\000i\000d\000.\000j\000s\000x\000:\000\040\000D\000i\000s\000p\000l\000a\000y\000G\000r\000i\000d\000:\000\040\000r\000e\000n\000d\000e\000r}{subsection.2.7}% 77
\BOOKMARK [3][-]{subsubsection.2.7.20}{\376\377\000D\000i\000s\000p\000l\000a\000y\000N\000o\000d\000e\000.\000j\000s\000x\000:\000\040\000D\000i\000s\000p\000l\000a\000y\000N\000o\000d\000e\000:\000\040\000h\000a\000n\000d\000e\000l\000D\000r\000a\000g\000S\000t\000a\000r\000t}{subsection.2.7}% 78
\BOOKMARK [3][-]{subsubsection.2.7.21}{\376\377\000D\000i\000s\000p\000l\000a\000y\000N\000o\000d\000e\000.\000j\000s\000x\000:\000\040\000D\000i\000s\000p\000l\000a\000y\000N\000o\000d\000e\000:\000\040\000h\000a\000n\000d\000e\000l\000D\000r\000o\000p}{subsection.2.7}% 79
\BOOKMARK [3][-]{subsubsection.2.7.22}{\376\377\000D\000i\000s\000p\000l\000a\000y\000N\000o\000d\000e\000.\000j\000s\000x\000:\000\040\000D\000i\000s\000p\000l\000a\000y\000N\000o\000d\000e\000:\000\040\000h\000a\000n\000d\000e\000l\000D\000r\000a\000g\000O\000v\000e\000r}{subsection.2.7}% 80
\BOOKMARK [3][-]{subsubsection.2.7.23}{\376\377\000D\000i\000s\000p\000l\000a\000y\000N\000o\000d\000e\000.\000j\000s\000x\000:\000\040\000D\000i\000s\000p\000l\000a\000y\000N\000o\000d\000e\000:\000\040\000h\000a\000n\000d\000e\000l\000D\000r\000a\000g\000L\000e\000a\000v\000e}{subsection.2.7}% 81
\BOOKMARK [3][-]{subsubsection.2.7.24}{\376\377\000D\000i\000s\000p\000l\000a\000y\000N\000o\000d\000e\000.\000j\000s\000x\000:\000\040\000D\000i\000s\000p\000l\000a\000y\000N\000o\000d\000e\000:\000\040\000r\000e\000n\000d\000e\000r}{subsection.2.7}% 82
\BOOKMARK [3][-]{subsubsection.2.7.25}{\376\377\000S\000e\000t\000t\000i\000n\000g\000s\000.\000j\000s\000x\000:\000\040\000S\000e\000t\000t\000i\000n\000g\000s\000:\000\040\000c\000o\000m\000p\000o\000n\000e\000n\000t\000D\000i\000d\000M\000o\000u\000n\000t}{subsection.2.7}% 83
\BOOKMARK [3][-]{subsubsection.2.7.26}{\376\377\000S\000e\000t\000t\000i\000n\000g\000s\000.\000j\000s\000x\000:\000\040\000S\000e\000t\000t\000i\000n\000g\000s\000:\000\040\000c\000o\000m\000p\000o\000n\000e\000n\000t\000W\000i\000l\000l\000U\000n\000m\000o\000u\000n\000t}{subsection.2.7}% 84
\BOOKMARK [3][-]{subsubsection.2.7.27}{\376\377\000S\000e\000t\000t\000i\000n\000g\000s\000.\000j\000s\000x\000:\000\040\000S\000e\000t\000t\000i\000n\000g\000s\000:\000\040\000h\000a\000n\000d\000e\000l\000C\000l\000i\000c\000k\000O\000u\000t\000s\000i\000z\000e}{subsection.2.7}% 85
\BOOKMARK [3][-]{subsubsection.2.7.28}{\376\377\000S\000e\000t\000t\000i\000n\000g\000s\000.\000j\000s\000x\000:\000\040\000S\000e\000t\000t\000i\000n\000g\000s\000:\000\040\000h\000a\000n\000d\000e\000l\000S\000i\000z\000e\000C\000h\000a\000n\000g\000e}{subsection.2.7}% 86
\BOOKMARK [3][-]{subsubsection.2.7.29}{\376\377\000S\000e\000t\000t\000i\000n\000g\000s\000.\000j\000s\000x\000:\000\040\000S\000e\000t\000t\000i\000n\000g\000s\000:\000\040\000s\000e\000t\000H\000e\000u\000r\000i\000s\000t\000i\000c}{subsection.2.7}% 87
\BOOKMARK [3][-]{subsubsection.2.7.30}{\376\377\000S\000e\000t\000t\000i\000n\000g\000s\000.\000j\000s\000x\000:\000\040\000S\000e\000t\000t\000i\000n\000g\000s\000:\000\040\000r\000e\000n\000d\000e\000r\000S\000e\000t\000t\000i\000n\000g\000s}{subsection.2.7}% 88
\BOOKMARK [1][-]{section.3}{\376\377\000T\000e\000c\000h\000n\000i\000c\000a\000l\000\040\000S\000o\000l\000u\000t\000i\000o\000n}{}% 89
\BOOKMARK [2][-]{subsection.3.1}{\376\377\000S\000u\000m\000m\000a\000r\000y\000\040\000O\000f\000\040\000S\000k\000i\000l\000l\000s\000\040\000U\000s\000e\000d}{section.3}% 90
\BOOKMARK [2][-]{subsection.3.2}{\376\377\000T\000h\000e\000\040\000F\000u\000l\000l\000\040\000C\000o\000d\000e}{section.3}% 91
\BOOKMARK [3][-]{subsubsection.3.2.1}{\376\377\000P\000y\000t\000h\000o\000n\000\040\000A\000P\000I\000:\000\040\000l\000a\000m\000b\000d\000a\000\137\000f\000u\000n\000c\000t\000i\000o\000n\000.\000p\000y}{subsection.3.2}% 92
\BOOKMARK [3][-]{subsubsection.3.2.2}{\376\377\000P\000y\000t\000h\000o\000n\000\040\000A\000P\000I\000:\000\040\000g\000r\000i\000d\000.\000p\000y}{subsection.3.2}% 93
\BOOKMARK [3][-]{subsubsection.3.2.3}{\376\377\000P\000y\000t\000h\000o\000n\000\040\000A\000P\000I\000:\000\040\000g\000e\000n\000e\000r\000a\000t\000o\000r\000.\000p\000y}{subsection.3.2}% 94
\BOOKMARK [3][-]{subsubsection.3.2.4}{\376\377\000P\000y\000t\000h\000o\000n\000\040\000A\000P\000I\000:\000\040\000s\000o\000l\000v\000e\000r\000.\000p\000y}{subsection.3.2}% 95
\BOOKMARK [3][-]{subsubsection.3.2.5}{\376\377\000R\000e\000a\000c\000t\000\040\000A\000p\000p\000:\000\040\000A\000p\000p\000.\000j\000s}{subsection.3.2}% 96
\BOOKMARK [3][-]{subsubsection.3.2.6}{\376\377\000R\000e\000a\000c\000t\000\040\000A\000p\000p\000:\000\040\000M\000e\000n\000u\000.\000j\000s\000x}{subsection.3.2}% 97
\BOOKMARK [3][-]{subsubsection.3.2.7}{\376\377\000R\000e\000a\000c\000t\000\040\000A\000p\000p\000:\000\040\000M\000e\000n\000u\000K\000e\000y\000.\000j\000s\000x}{subsection.3.2}% 98
\BOOKMARK [3][-]{subsubsection.3.2.8}{\376\377\000R\000e\000a\000c\000t\000\040\000A\000p\000p\000:\000\040\000D\000i\000s\000p\000l\000a\000y\000G\000r\000i\000d\000.\000j\000s\000x}{subsection.3.2}% 99
\BOOKMARK [3][-]{subsubsection.3.2.9}{\376\377\000R\000e\000a\000c\000t\000\040\000A\000p\000p\000:\000\040\000D\000i\000s\000p\000l\000a\000y\000N\000o\000d\000e\000.\000j\000s\000x}{subsection.3.2}% 100
\BOOKMARK [1][-]{section.4}{\376\377\000T\000e\000s\000t\000i\000n\000g}{}% 101
\BOOKMARK [2][-]{subsection.4.1}{\376\377\000T\000e\000s\000t\0001\000:\000\040\000P\000a\000s\000s}{section.4}% 102
\BOOKMARK [2][-]{subsection.4.2}{\376\377\000T\000e\000s\000t\0002\000:\000\040\000P\000a\000s\000s}{section.4}% 103
\BOOKMARK [2][-]{subsection.4.3}{\376\377\000T\000e\000s\000t\0003\000:\000\040\000P\000a\000s\000s}{section.4}% 104
\BOOKMARK [3][-]{subsubsection.4.3.1}{\376\377\000P\000r\000i\000m\000'\000s\000\040\000A\000l\000g\000o\000r\000i\000t\000h\000m}{subsection.4.3}% 105
\BOOKMARK [3][-]{subsubsection.4.3.2}{\376\377\000R\000e\000c\000u\000r\000s\000i\000v\000e\000\040\000B\000a\000c\000k\000t\000r\000a\000c\000k\000i\000n\000g}{subsection.4.3}% 106
\BOOKMARK [2][-]{subsection.4.4}{\376\377\000T\000e\000s\000t\0004\000/\000T\000e\000s\000t\0005\000:\000\040\000P\000a\000s\000s}{section.4}% 107
\BOOKMARK [3][-]{subsubsection.4.4.1}{\376\377\000D\000i\000j\000k\000s\000t\000r\000a\000'\000s\000\040\000A\000l\000g\000o\000r\000i\000t\000h\000m}{subsection.4.4}% 108
\BOOKMARK [3][-]{subsubsection.4.4.2}{\376\377\000D\000e\000p\000t\000h\000\040\000F\000i\000r\000s\000t\000\040\000S\000e\000a\000r\000c\000h}{subsection.4.4}% 109
\BOOKMARK [3][-]{subsubsection.4.4.3}{\376\377\000B\000r\000e\000a\000d\000t\000h\000\040\000F\000i\000r\000s\000t\000\040\000S\000e\000a\000r\000c\000h}{subsection.4.4}% 110
\BOOKMARK [3][-]{subsubsection.4.4.4}{\376\377\000G\000r\000e\000e\000d\000y\000\040\000S\000e\000a\000r\000c\000h\000\040\000M\000a\000n\000h\000a\000t\000t\000a\000n}{subsection.4.4}% 111
\BOOKMARK [3][-]{subsubsection.4.4.5}{\376\377\000G\000r\000e\000e\000d\000y\000\040\000S\000e\000a\000r\000c\000h\000\040\000E\000u\000c\000l\000i\000d\000e\000a\000n}{subsection.4.4}% 112
\BOOKMARK [2][-]{subsection.4.5}{\376\377\000T\000e\000s\000t\0006\000:\000\040\000P\000a\000s\000s}{section.4}% 113
\BOOKMARK [2][-]{subsection.4.6}{\376\377\000T\000e\000s\000t\0007}{section.4}% 114
\BOOKMARK [1][-]{section.5}{\376\377\000E\000v\000i\000d\000e\000n\000c\000e\000\040\000o\000f\000\040\000C\000o\000m\000p\000l\000e\000t\000e\000n\000e\000s\000s}{}% 115
\BOOKMARK [2][-]{subsection.5.1}{\376\377\000O\000b\000j\000e\000c\000t\000i\000v\000e\000s\000\040\000A\000g\000a\000i\000n}{section.5}% 116
\BOOKMARK [3][-]{subsubsection.5.1.1}{\376\377\000G\000e\000n\000e\000r\000a\000t\000e\000\040\000M\000a\000z\000e\000s}{subsection.5.1}% 117
\BOOKMARK [3][-]{subsubsection.5.1.2}{\376\377\000S\000o\000l\000v\000e\000\040\000M\000a\000z\000e\000s}{subsection.5.1}% 118
\BOOKMARK [3][-]{subsubsection.5.1.3}{\376\377\000C\000u\000s\000t\000o\000m\000i\000s\000a\000t\000i\000o\000n}{subsection.5.1}% 119
\BOOKMARK [3][-]{subsubsection.5.1.4}{\376\377\000U\000s\000e\000r\000\040\000w\000r\000i\000t\000t\000e\000n\000\040\000a\000l\000g\000o\000r\000i\000t\000h\000m\000s}{subsection.5.1}% 120
\BOOKMARK [3][-]{subsubsection.5.1.5}{\376\377\000U\000p\000d\000a\000t\000e\000\040\000V\000i\000s\000u\000a\000l\000i\000z\000a\000t\000i\000o\000n}{subsection.5.1}% 121
\BOOKMARK [2][-]{subsection.5.2}{\376\377\000A\000n\000a\000l\000y\000s\000i\000s\000\040\000o\000f\000\040\000O\000b\000j\000e\000c\000t\000i\000v\000e\000s}{section.5}% 122
\BOOKMARK [3][-]{subsubsection.5.2.1}{\376\377\000G\000e\000n\000e\000r\000a\000t\000e\000\040\000M\000a\000z\000e\000s}{subsection.5.2}% 123
\BOOKMARK [3][-]{subsubsection.5.2.2}{\376\377\000S\000o\000l\000v\000e\000\040\000M\000a\000z\000e\000s}{subsection.5.2}% 124
\BOOKMARK [3][-]{subsubsection.5.2.3}{\376\377\000C\000u\000s\000t\000o\000m\000i\000s\000a\000t\000i\000o\000n}{subsection.5.2}% 125
\BOOKMARK [3][-]{subsubsection.5.2.4}{\376\377\000U\000s\000e\000r\000\040\000w\000r\000i\000t\000t\000e\000n\000\040\000a\000l\000g\000o\000r\000i\000t\000h\000m\000s}{subsection.5.2}% 126
\BOOKMARK [3][-]{subsubsection.5.2.5}{\376\377\000U\000p\000d\000a\000t\000e\000\040\000V\000i\000s\000u\000a\000l\000i\000z\000a\000t\000i\000o\000n}{subsection.5.2}% 127
\BOOKMARK [1][-]{section.6}{\376\377\000E\000v\000a\000l\000u\000a\000t\000i\000o\000n}{}% 128
\BOOKMARK [2][-]{subsection.6.1}{\376\377\000I\000n\000d\000e\000p\000e\000n\000d\000e\000n\000t\000\040\000F\000e\000e\000d\000b\000a\000c\000k}{section.6}% 129
\BOOKMARK [2][-]{subsection.6.2}{\376\377\000I\000m\000p\000r\000o\000v\000e\000m\000e\000n\000t\000s\000\040\000t\000h\000a\000t\000\040\000c\000o\000u\000l\000d\000\040\000b\000e\000\040\000m\000a\000d\000e}{section.6}% 130
